<?xml version="1.0" encoding="UTF-8" ?>
<testsuite errors="0" failures="0" hostname="JMRotable" name="adintervall.IntervalTest" tests="32" time="0.81" timestamp="2012-04-10T21:14:30">
  <properties>
    <property name="default.javac.source" value="1.7" />
    <property name="file.encoding.pkg" value="sun.io" />
    <property name="libs.toplink.maven-pom" value="" />
    <property name="javac.source" value="1.7" />
    <property name="netbeans.system_http_proxy" value="DIRECT" />
    <property name="java.home" value="C:\Program Files\Java\jdk1.7.0\jre" />
    <property name="libs.eclipselinkmodelgen.classpath" value="C:\Program Files\NetBeans 7.1.1\java\modules\ext\eclipselink\eclipselink-jpa-modelgen-2.3.0.jar" />
    <property name="do.archive+manifest.available+main.class" value="true" />
    <property name="test.src.dir" value="test" />
    <property name="libs.JAXB-ENDORSED.javadoc" value="" />
    <property name="libs.jaxws21.src" value="" />
    <property name="javadoc.version" value="false" />
    <property name="libs.CopyLibs.classpath" value="C:\Program Files\NetBeans 7.1.1\java\ant\extra\org-netbeans-modules-java-j2seproject-copylibstask.jar" />
    <property name="libs.javac-api.src" value="" />
    <property name="libs.groovy-all.classpath" value="C:\Program Files\NetBeans 7.1.1\groovy\modules\ext\groovy-all.jar" />
    <property name="java.endorsed.dirs" value="C:\Program Files\Java\jdk1.7.0\jre\lib\endorsed" />
    <property name="libs.MySQLDriver.classpath" value="C:\Program Files\NetBeans 7.1.1\ide\modules\ext\mysql-connector-java-5.1.13-bin.jar" />
    <property name="libs.jaxb.javadoc" value="C:\Program Files\NetBeans 7.1.1\ide\docs\jaxb-api-doc.zip" />
    <property name="libs.junit.maven-pom" value="" />
    <property name="libs.PostgreSQLDriver.src" value="" />
    <property name="src.dir" value="src" />
    <property name="sun.java2d.noddraw" value="true" />
    <property name="debug-args-line" value="-Xdebug" />
    <property name="netbeans.hash.code" value="unique=NB_CND_GROOVY_JAVA_PHP04f829f61-8b1b-48bf-a808-4b630df2766f_51b35769-913a-4a68-8fc2-33a5a3f9286f" />
    <property name="build.sysclasspath" value="ignore" />
    <property name="have.sources" value="true" />
    <property name="includes" value="**" />
    <property name="javac.fork" value="false" />
    <property name="source.encoding" value="UTF-8" />
    <property name="libs.jaxws21.classpath" value="C:\Program Files\NetBeans 7.1.1\ide\modules\ext\jaxb\jaxb-impl.jar;C:\Program Files\NetBeans 7.1.1\ide\modules\ext\jaxb\jaxb-xjc.jar;C:\Program Files\NetBeans 7.1.1\java\modules\ext\jaxws22\FastInfoset.jar;C:\Program Files\NetBeans 7.1.1\java\modules\ext\jaxws22\gmbal-api-only.jar;C:\Program Files\NetBeans 7.1.1\java\modules\ext\jaxws22\http.jar;C:\Program Files\NetBeans 7.1.1\java\modules\ext\jaxws22\jaxws-rt.jar;C:\Program Files\NetBeans 7.1.1\java\modules\ext\jaxws22\jaxws-tools.jar;C:\Program Files\NetBeans 7.1.1\java\modules\ext\jaxws22\management-api.jar;C:\Program Files\NetBeans 7.1.1\java\modules\ext\jaxws22\mimepull.jar;C:\Program Files\NetBeans 7.1.1\java\modules\ext\jaxws22\policy.jar;C:\Program Files\NetBeans 7.1.1\java\modules\ext\jaxws22\saaj-impl.jar;C:\Program Files\NetBeans 7.1.1\java\modules\ext\jaxws22\stax-ex.jar;C:\Program Files\NetBeans 7.1.1\java\modules\ext\jaxws22\streambuffer.jar;C:\Program Files\NetBeans 7.1.1\java\modules\ext\jaxws22\woodstox.jar;C:\Program Files\NetBeans 7.1.1\java\modules\ext\jaxws22\api\jaxws-api.jar;C:\Program Files\NetBeans 7.1.1\java\modules\ext\jaxws22\api\jsr181-api.jar;C:\Program Files\NetBeans 7.1.1\java\modules\ext\jaxws22\api\jsr250-api.jar;C:\Program Files\NetBeans 7.1.1\java\modules\ext\jaxws22\api\saaj-api.jar;C:\Program Files\NetBeans 7.1.1\ide\modules\ext\jaxb\activation.jar;C:\Program Files\NetBeans 7.1.1\ide\modules\ext\jaxb\api\jaxb-api.jar;C:\Program Files\NetBeans 7.1.1\ide\modules\ext\jaxb\api\jsr173_api.jar" />
    <property name="sun.os.patch.level" value="Service Pack 1" />
    <property name="java.vendor.url" value="http://java.oracle.com/" />
    <property name="java.version" value="1.7.0" />
    <property name="nb.show.statistics.ui" value="usageStatisticsEnabled" />
    <property name="javac.debug" value="true" />
    <property name="org.openide.major.version" value="IDE/1" />
    <property name="ant.file.ADIntervall-impl" value="C:\Users\jmenzel\Desktop\AD\AD-2012-SS\Aufgabe 1\nbproject\build-impl.xml" />
    <property name="libs.JAXB-ENDORSED.classpath" value="C:\Program Files\NetBeans 7.1.1\ide\modules\ext\jaxb\api\jaxb-api.jar" />
    <property name="run.classpath" value="C:\Users\jmenzel\.netbeans\7.1.1\modules\ext\junit-4.10.jar:build/classes" />
    <property name="libs.PostgreSQLDriver.maven-pom" value="" />
    <property name="java.vendor.url.bug" value="http://bugreport.sun.com/bugreport/" />
    <property name="netbeans.autoupdate.variant" value="" />
    <property name="libs.eclipselink.javadoc" value="" />
    <property name="libs.absolutelayout.javadoc" value="" />
    <property name="libs.junit_4.maven-pom" value="" />
    <property name="netbeans.buildnumber" value="201203091344" />
    <property name="ant.project.invoked-targets" value="test" />
    <property name="annotation.processing.run.all.processors" value="true" />
    <property name="manifest.file" value="manifest.mf" />
    <property name="user.name" value="jmenzel" />
    <property name="manifest.available+main.class+mkdist.available" value="true" />
    <property name="libs.eclipselinkmodelgen.src" value="" />
    <property name="empty.dir" value="C:\Users\jmenzel\Desktop\AD\AD-2012-SS\Aufgabe 1\build\empty" />
    <property name="sun.io.unicode.encoding" value="UnicodeLittle" />
    <property name="sun.jnu.encoding" value="Cp1252" />
    <property name="java.runtime.name" value="Java(TM) SE Runtime Environment" />
    <property name="application.vendor" value="david" />
    <property name="jdk.home" value="C:\Program Files\Java\jdk1.7.0" />
    <property name="sun.awt.keepWorkingSetOnMinimize" value="true" />
    <property name="netbeans.autoupdate.version" value="1.23" />
    <property name="netbeans.dirs" value="C:\Program Files\NetBeans 7.1.1\nb;C:\Program Files\NetBeans 7.1.1\ergonomics;C:\Program Files\NetBeans 7.1.1\ide;C:\Program Files\NetBeans 7.1.1\java;C:\Program Files\NetBeans 7.1.1\apisupport;C:\Program Files\NetBeans 7.1.1\webcommon;C:\Program Files\NetBeans 7.1.1\websvccommon;C:\Program Files\NetBeans 7.1.1\enterprise;C:\Program Files\NetBeans 7.1.1\mobility;C:\Program Files\NetBeans 7.1.1\profiler;C:\Program Files\NetBeans 7.1.1\python;C:\Program Files\NetBeans 7.1.1\php;C:\Program Files\NetBeans 7.1.1\identity;C:\Program Files\NetBeans 7.1.1\harness;C:\Program Files\NetBeans 7.1.1\cnd;C:\Program Files\NetBeans 7.1.1\dlight;C:\Program Files\NetBeans 7.1.1\groovy;C:\Program Files\NetBeans 7.1.1\extra;C:\Program Files\NetBeans 7.1.1\javacard;C:\Program Files\NetBeans 7.1.1\javafx" />
    <property name="main.class.available" value="true" />
    <property name="java.specification.name" value="Java Platform API Specification" />
    <property name="javadoc.author" value="false" />
    <property name="libs.hibernate-support.javadoc" value="" />
    <property name="ap.proc.none.internal" value="" />
    <property name="user.timezone" value="" />
    <property name="manifest.available" value="true" />
    <property name="libs.spring-framework.maven-pom" value="" />
    <property name="libs.swing-layout.maven-pom" value="" />
    <property name="libs.junit.javadoc" value="C:\Users\jmenzel\.netbeans\7.1.1\docs\junit-3.8.2-api.zip" />
    <property name="org.openide.specification.version" value="6.2" />
    <property name="user.script" value="" />
    <property name="path.separator" value=";" />
    <property name="version-output" value="java version &quot;1.7" />
    <property name="libs.ejb3-persistence.src" value="" />
    <property name="libs.absolutelayout.classpath" value="C:\Program Files\NetBeans 7.1.1\java\modules\ext\AbsoluteLayout.jar" />
    <property name="libs.jaxb.maven-pom" value="" />
    <property name="netbeans.accept_license_class" value="org.netbeans.license.AcceptLicense" />
    <property name="file.encoding" value="Cp1252" />
    <property name="libs.eclipselink.src" value="" />
    <property name="dist.javadoc.dir" value="dist/javadoc" />
    <property name="ant.project.default-target" value="default" />
    <property name="libs.JAXB-ENDORSED.src" value="" />
    <property name="libs.hibernate-persistence.javadoc" value="" />
    <property name="libs.ejb3-persistence.classpath" value="C:\Program Files\NetBeans 7.1.1\java\modules\ext\hibernate\ejb3-persistence.jar" />
    <property name="sun.java.command" value="org.apache.tools.ant.taskdefs.optional.junit.JUnitTestRunner adintervall.IntervalTest filtertrace=true haltOnError=false haltOnFailure=false showoutput=true outputtoformatters=true logfailedtests=true logtestlistenerevents=true formatter=org.apache.tools.ant.taskdefs.optional.junit.BriefJUnitResultFormatter formatter=org.apache.tools.ant.taskdefs.optional.junit.XMLJUnitResultFormatter,C:\Users\jmenzel\Desktop\AD\AD-2012-SS\Aufgabe 1\build\test\results\TEST-adintervall.IntervalTest.xml crashfile=C:\Users\jmenzel\Desktop\AD\AD-2012-SS\Aufgabe 1\build\junitvmwatcher2594436444147984723.properties propsfile=C:\Users\jmenzel\Desktop\AD\AD-2012-SS\Aufgabe 1\build\junit987022860598642045.properties" />
    <property name="built-jar.properties" value="C:\Users\jmenzel\Desktop\AD\AD-2012-SS\Aufgabe 1\build\built-jar.properties" />
    <property name="ant.file.type.ADIntervall-impl" value="file" />
    <property name="libs.junit.src" value="" />
    <property name="ant.junit.enabletestlistenerevents" value="true" />
    <property name="ant.file" value="C:\Users\jmenzel\Desktop\AD\AD-2012-SS\Aufgabe 1\build.xml" />
    <property name="libs.junit_4.src" value="C:\Users\jmenzel\.netbeans\7.1.1\docs\junit-4.10-sources.jar" />
    <property name="netbeans.autoupdate.language" value="de" />
    <property name="do.jar" value="true" />
    <property name="java.io.tmpdir" value="C:\Users\jmenzel\AppData\Local\Temp\" />
    <property name="build.test.results.dir" value="build/test/results" />
    <property name="user.language" value="de" />
    <property name="libs.groovy-all.src" value="" />
    <property name="libs.spring-framework300.src" value="" />
    <property name="line.separator" value="&#xd;&#xa;" />
    <property name="apple.laf.useScreenMenuBar" value="true" />
    <property name="libs.absolutelayout.src" value="" />
    <property name="javac.compilerargs" value="" />
    <property name="libs.hibernate-support.maven-pom" value="" />
    <property name="jar.compress" value="false" />
    <property name="debug-transport-by-os" value="dt_shmem" />
    <property name="libs.JWSAntTasks.src" value="" />
    <property name="libs.hibernate-persistence.maven-pom" value="" />
    <property name="java.vm.info" value="mixed mode" />
    <property name="libs.javac-api.maven-pom" value="" />
    <property name="javadoc.private" value="false" />
    <property name="annotation.processing.processors.list" value="" />
    <property name="sun.desktop" value="windows" />
    <property name="build.test.classes.dir" value="build/test/classes" />
    <property name="java.vm.specification.name" value="Java Virtual Machine Specification" />
    <property name="libs.jaxb.src" value="" />
    <property name="libs.MySQLDriver.javadoc" value="" />
    <property name="netbeans.dynamic.classpath" value="C:\Program Files\NetBeans 7.1.1\platform\core\core.jar;C:\Program Files\NetBeans 7.1.1\platform\core\org-openide-filesystems.jar;C:\Program Files\NetBeans 7.1.1\platform\core\locale\core_ar_SA.jar;C:\Program Files\NetBeans 7.1.1\platform\core\locale\core_bg.jar;C:\Program Files\NetBeans 7.1.1\platform\core\locale\core_ca.jar;C:\Program Files\NetBeans 7.1.1\platform\core\locale\core_cs.jar;C:\Program Files\NetBeans 7.1.1\platform\core\locale\core_de.jar;C:\Program Files\NetBeans 7.1.1\platform\core\locale\core_es.jar;C:\Program Files\NetBeans 7.1.1\platform\core\locale\core_fr.jar;C:\Program Files\NetBeans 7.1.1\platform\core\locale\core_gl_ES.jar;C:\Program Files\NetBeans 7.1.1\platform\core\locale\core_in_ID.jar;C:\Program Files\NetBeans 7.1.1\platform\core\locale\core_it.jar;C:\Program Files\NetBeans 7.1.1\platform\core\locale\core_ko.jar;C:\Program Files\NetBeans 7.1.1\platform\core\locale\core_nl_NL.jar;C:\Program Files\NetBeans 7.1.1\platform\core\locale\core_pl.jar;C:\Program Files\NetBeans 7.1.1\platform\core\locale\core_pt_PT.jar;C:\Program Files\NetBeans 7.1.1\platform\core\locale\core_ro.jar;C:\Program Files\NetBeans 7.1.1\platform\core\locale\core_si.jar;C:\Program Files\NetBeans 7.1.1\platform\core\locale\core_sq.jar;C:\Program Files\NetBeans 7.1.1\platform\core\locale\core_sv.jar;C:\Program Files\NetBeans 7.1.1\platform\core\locale\core_tr.jar;C:\Program Files\NetBeans 7.1.1\platform\core\locale\core_zh_TW.jar;C:\Program Files\NetBeans 7.1.1\platform\core\locale\org-openide-filesystems_ar_SA.jar;C:\Program Files\NetBeans 7.1.1\platform\core\locale\org-openide-filesystems_bg.jar;C:\Program Files\NetBeans 7.1.1\platform\core\locale\org-openide-filesystems_ca.jar;C:\Program Files\NetBeans 7.1.1\platform\core\locale\org-openide-filesystems_cs.jar;C:\Program Files\NetBeans 7.1.1\platform\core\locale\org-openide-filesystems_de.jar;C:\Program Files\NetBeans 7.1.1\platform\core\locale\org-openide-filesystems_es.jar;C:\Program Files\NetBeans 7.1.1\platform\core\locale\org-openide-filesystems_fr.jar;C:\Program Files\NetBeans 7.1.1\platform\core\locale\org-openide-filesystems_gl_ES.jar;C:\Program Files\NetBeans 7.1.1\platform\core\locale\org-openide-filesystems_in_ID.jar;C:\Program Files\NetBeans 7.1.1\platform\core\locale\org-openide-filesystems_it.jar;C:\Program Files\NetBeans 7.1.1\platform\core\locale\org-openide-filesystems_ko.jar;C:\Program Files\NetBeans 7.1.1\platform\core\locale\org-openide-filesystems_nl_NL.jar;C:\Program Files\NetBeans 7.1.1\platform\core\locale\org-openide-filesystems_pl.jar;C:\Program Files\NetBeans 7.1.1\platform\core\locale\org-openide-filesystems_pt_PT.jar;C:\Program Files\NetBeans 7.1.1\platform\core\locale\org-openide-filesystems_ro.jar;C:\Program Files\NetBeans 7.1.1\platform\core\locale\org-openide-filesystems_si.jar;C:\Program Files\NetBeans 7.1.1\platform\core\locale\org-openide-filesystems_sq.jar;C:\Program Files\NetBeans 7.1.1\platform\core\locale\org-openide-filesystems_sv.jar;C:\Program Files\NetBeans 7.1.1\platform\core\locale\org-openide-filesystems_tr.jar;C:\Program Files\NetBeans 7.1.1\platform\core\locale\org-openide-filesystems_zh_TW.jar;C:\Program Files\NetBeans 7.1.1\nb\core\org-netbeans-upgrader.jar;C:\Program Files\NetBeans 7.1.1\nb\core\locale\core_nb.jar;C:\Program Files\NetBeans 7.1.1\nb\core\locale\core_nb_ca.jar;C:\Program Files\NetBeans 7.1.1\nb\core\locale\core_nb_de.jar;C:\Program Files\NetBeans 7.1.1\nb\core\locale\core_nb_es.jar;C:\Program Files\NetBeans 7.1.1\nb\core\locale\core_nb_fr.jar;C:\Program Files\NetBeans 7.1.1\nb\core\locale\core_nb_gl_ES.jar;C:\Program Files\NetBeans 7.1.1\nb\core\locale\core_nb_it.jar;C:\Program Files\NetBeans 7.1.1\nb\core\locale\core_nb_ko.jar;C:\Program Files\NetBeans 7.1.1\nb\core\locale\core_nb_nl_NL.jar;C:\Program Files\NetBeans 7.1.1\nb\core\locale\core_nb_sv.jar;C:\Program Files\NetBeans 7.1.1\nb\core\locale\core_nb_tr.jar;C:\Program Files\NetBeans 7.1.1\nb\core\locale\core_nb_zh_TW.jar;C:\Program Files\NetBeans 7.1.1\nb\core\locale\org-netbeans-upgrader_ca.jar;C:\Program Files\NetBeans 7.1.1\nb\core\locale\org-netbeans-upgrader_de.jar;C:\Program Files\NetBeans 7.1.1\nb\core\locale\org-netbeans-upgrader_es.jar;C:\Program Files\NetBeans 7.1.1\nb\core\locale\org-netbeans-upgrader_fr.jar;C:\Program Files\NetBeans 7.1.1\nb\core\locale\org-netbeans-upgrader_gl_ES.jar;C:\Program Files\NetBeans 7.1.1\nb\core\locale\org-netbeans-upgrader_it.jar;C:\Program Files\NetBeans 7.1.1\nb\core\locale\org-netbeans-upgrader_ko.jar;C:\Program Files\NetBeans 7.1.1\nb\core\locale\org-netbeans-upgrader_nl_NL.jar;C:\Program Files\NetBeans 7.1.1\nb\core\locale\org-netbeans-upgrader_sv.jar;C:\Program Files\NetBeans 7.1.1\nb\core\locale\org-netbeans-upgrader_tr.jar;C:\Program Files\NetBeans 7.1.1\nb\core\locale\org-netbeans-upgrader_zh_TW.jar" />
    <property name="manifest.available+main.class" value="true" />
    <property name="libs.beans-binding.javadoc" value="C:\Program Files\NetBeans 7.1.1\java\docs\beansbinding-1.2.1-doc.zip" />
    <property name="platform.active" value="default_platform" />
    <property name="ap.cmd.line.internal" value="" />
    <property name="jdkBug6558476" value="false" />
    <property name="libs.spring-framework300.classpath" value="C:\Program Files\NetBeans 7.1.1\ide\modules\org-apache-commons-logging.jar;C:\Program Files\NetBeans 7.1.1\java\modules\ext\cglib-2.2.jar;C:\Program Files\NetBeans 7.1.1\java\modules\ext\spring-3.0\spring-aop-3.0.6.RELEASE.jar;C:\Program Files\NetBeans 7.1.1\java\modules\ext\spring-3.0\spring-asm-3.0.6.RELEASE.jar;C:\Program Files\NetBeans 7.1.1\java\modules\ext\spring-3.0\spring-aspects-3.0.6.RELEASE.jar;C:\Program Files\NetBeans 7.1.1\java\modules\ext\spring-3.0\spring-beans-3.0.6.RELEASE.jar;C:\Program Files\NetBeans 7.1.1\java\modules\ext\spring-3.0\spring-context-3.0.6.RELEASE.jar;C:\Program Files\NetBeans 7.1.1\java\modules\ext\spring-3.0\spring-context-support-3.0.6.RELEASE.jar;C:\Program Files\NetBeans 7.1.1\java\modules\ext\spring-3.0\spring-core-3.0.6.RELEASE.jar;C:\Program Files\NetBeans 7.1.1\java\modules\ext\spring-3.0\spring-expression-3.0.6.RELEASE.jar;C:\Program Files\NetBeans 7.1.1\java\modules\ext\spring-3.0\spring-instrument-3.0.6.RELEASE.jar;C:\Program Files\NetBeans 7.1.1\java\modules\ext\spring-3.0\spring-instrument-tomcat-3.0.6.RELEASE.jar;C:\Program Files\NetBeans 7.1.1\java\modules\ext\spring-3.0\spring-jdbc-3.0.6.RELEASE.jar;C:\Program Files\NetBeans 7.1.1\java\modules\ext\spring-3.0\spring-jms-3.0.6.RELEASE.jar;C:\Program Files\NetBeans 7.1.1\java\modules\ext\spring-3.0\spring-orm-3.0.6.RELEASE.jar;C:\Program Files\NetBeans 7.1.1\java\modules\ext\spring-3.0\spring-oxm-3.0.6.RELEASE.jar;C:\Program Files\NetBeans 7.1.1\java\modules\ext\spring-3.0\spring-test-3.0.6.RELEASE.jar;C:\Program Files\NetBeans 7.1.1\java\modules\ext\spring-3.0\spring-tx-3.0.6.RELEASE.jar;C:\Program Files\NetBeans 7.1.1\java\modules\ext\spring-3.0\spring-web-3.0.6.RELEASE.jar;C:\Program Files\NetBeans 7.1.1\java\modules\ext\spring-3.0\spring-webmvc-portlet-3.0.6.RELEASE.jar;C:\Program Files\NetBeans 7.1.1\java\modules\ext\spring-3.0\spring-webmvc-3.0.6.RELEASE.jar;C:\Program Files\NetBeans 7.1.1\java\modules\ext\spring-3.0\spring-struts-3.0.6.RELEASE.jar" />
    <property name="libs.junit_4.javadoc" value="C:\Users\jmenzel\.netbeans\7.1.1\docs\junit-4.10-javadoc.jar" />
    <property name="endorsed.classpath" value="" />
    <property name="libs.spring-framework.src" value="" />
    <property name="netbeans.autoupdate.country" value="DE" />
    <property name="libs.beans-binding.maven-pom" value="" />
    <property name="do.mkdist" value="true" />
    <property name="javadoc.encoding" value="UTF-8" />
    <property name="java.awt.printerjob" value="sun.awt.windows.WPrinterJob" />
    <property name="ap.processors.internal" value="" />
    <property name="do.archive" value="true" />
    <property name="dist.jar" value="dist/ADIntervall.jar" />
    <property name="meta.inf.dir" value="src/META-INF" />
    <property name="ant.version" value="Apache Ant(TM) version 1.8.2 compiled on December 20 2010" />
    <property name="netbeans.home" value="C:\Program Files\NetBeans 7.1.1\platform" />
    <property name="javadoc.nonavbar" value="false" />
    <property name="user.properties.file" value="C:\Users\jmenzel\.netbeans\7.1.1\build.properties" />
    <property name="libs.JWSAntTasks.classpath" value="C:\Program Files\NetBeans 7.1.1\java\ant\extra\org-netbeans-modules-javawebstart-anttasks.jar" />
    <property name="libs.toplink.classpath" value="C:\Program Files\NetBeans 7.1.1\java\modules\ext\toplink\toplink-essentials.jar;C:\Program Files\NetBeans 7.1.1\java\modules\ext\toplink\toplink-essentials-agent.jar" />
    <property name="netbeans.importclass" value="org.netbeans.upgrade.AutoUpgrade" />
    <property name="libs.spring-framework.javadoc" value="" />
    <property name="annotation.processing.source.output" value="build/generated-sources/ap-source-output" />
    <property name="libs.CopyLibs.maven-pom" value="" />
    <property name="build.generated.dir" value="build/generated" />
    <property name="netbeans.home+have.tests" value="true" />
    <property name="libs.eclipselink.maven-pom" value="" />
    <property name="apple.awt.graphics.UseQuartz" value="true" />
    <property name="os.name" value="Windows 7" />
    <property name="java.specification.vendor" value="Oracle Corporation" />
    <property name="run.test.classpath" value="C:\Users\jmenzel\.netbeans\7.1.1\modules\ext\junit-4.10.jar:build/classes:build/test/classes" />
    <property name="do.archive+main.class.available" value="true" />
    <property name="libs.CopyLibs.src" value="" />
    <property name="java.vm.name" value="Java HotSpot(TM) 64-Bit Server VM" />
    <property name="manifest.available-mkdist.available" value="true" />
    <property name="org.openide.version" value="deprecated" />
    <property name="sun.awt.enableExtraMouseButtons" value="true" />
    <property name="libs.beans-binding.src" value="" />
    <property name="libs.junit.classpath" value="C:\Users\jmenzel\.netbeans\7.1.1\modules\ext\junit-3.8.2.jar" />
    <property name="ap.supported.internal" value="true" />
    <property name="java.library.path" value="C:\Program Files\Java\jdk1.7.0\jre\bin;C:\Windows\Sun\Java\bin;C:\Windows\system32;C:\Windows;C:\Program Files\Common Files\Microsoft Shared\Windows Live;C:\Program Files (x86)\Common Files\Microsoft Shared\Windows Live;C:\Windows\system32;C:\Windows;C:\Windows\System32\Wbem;C:\Windows\System32\WindowsPowerShell\v1.0\;C:\Program Files (x86)\Windows Live\Shared;C:\Program Files (x86)\Microsoft SQL Server\100\Tools\Binn\;C:\Program Files\Microsoft SQL Server\100\Tools\Binn\;C:\Program Files\Microsoft SQL Server\100\DTS\Binn\;c:\Program Files (x86)\Microsoft SQL Server\100\Tools\Binn\VSShell\Common7\IDE\;c:\Program Files (x86)\Microsoft SQL Server\100\DTS\Binn\;C:\Program Files (x86)\QuickTime\QTSystem\;C:\Program Files\Java\jre6\bin;C:\Program Files\Development\Ruby187\bin;C:\Program Files\Ruby187\Development\bin;C:\Program Files\Development\Python_2_7_2;C:\Program Files\Java\jdk1.6.0_26\bin;C:\Program Files\TortoiseSVN\bin;C:\Program Files\TortoiseGit\bin;." />
    <property name="libs.toplink.javadoc" value="" />
    <property name="libs.PostgreSQLDriver.javadoc" value="" />
    <property name="libs.eclipselinkmodelgen.maven-pom" value="" />
    <property name="ant.java.version" value="1.7" />
    <property name="basedir" value="C:\Users\jmenzel\Desktop\AD\AD-2012-SS\Aufgabe 1" />
    <property name="java.class.version" value="51.0" />
    <property name="javadoc.noindex" value="false" />
    <property name="javac.test.classpath" value="C:\Users\jmenzel\.netbeans\7.1.1\modules\ext\junit-4.10.jar:build/classes" />
    <property name="javac.processorpath" value="C:\Users\jmenzel\.netbeans\7.1.1\modules\ext\junit-4.10.jar" />
    <property name="ant.home" value="C:\Program Files\NetBeans 7.1.1\java\ant" />
    <property name="libs.hibernate-persistence.src" value="" />
    <property name="javadoc.splitindex" value="true" />
    <property name="libs.toplink.src" value="" />
    <property name="javac.test.processorpath" value="C:\Users\jmenzel\.netbeans\7.1.1\modules\ext\junit-4.10.jar:build/classes" />
    <property name="libs.javac-api.javadoc" value="" />
    <property name="libs.groovy-all.maven-pom" value="" />
    <property name="javadoc.preview" value="true" />
    <property name="libs.MySQLDriver.maven-pom" value="" />
    <property name="copylibs.rebase" value="true" />
    <property name="libs.CopyLibs.javadoc" value="" />
    <property name="libs.PostgreSQLDriver.classpath" value="C:\Program Files\NetBeans 7.1.1\ide\modules\ext\postgresql-8.3-603.jdbc3.jar" />
    <property name="junit.forkmode" value="perTest" />
    <property name="libs.jaxws21.maven-pom" value="" />
    <property name="libs.junit_4.classpath" value="C:\Users\jmenzel\.netbeans\7.1.1\modules\ext\junit-4.10.jar" />
    <property name="build.dir" value="build" />
    <property name="sun.boot.library.path" value="C:\Program Files\Java\jdk1.7.0\jre\bin" />
    <property name="application.title" value="ADIntervall" />
    <property name="sun.management.compiler" value="HotSpot 64-Bit Tiered Compilers" />
    <property name="libs.ejb3-persistence.javadoc" value="" />
    <property name="user.variant" value="" />
    <property name="java.awt.graphicsenv" value="sun.awt.Win32GraphicsEnvironment" />
    <property name="javadoc.encoding.used" value="UTF-8" />
    <property name="javadoc.windowtitle" value="" />
    <property name="libs.hibernate-support.src" value="" />
    <property name="netbeans.productversion" value="NetBeans IDE 7.1.1 (Build 201203091344)" />
    <property name="annotation.processing.enabled" value="true" />
    <property name="libs.JAXB-ENDORSED.maven-pom" value="" />
    <property name="run.jvmargs" value="" />
    <property name="build.generated.sources.dir" value="build/generated-sources" />
    <property name="build.compiler.emacs" value="true" />
    <property name="ant.project.name" value="ADIntervall" />
    <property name="libs.spring-framework.classpath" value="C:\Program Files\NetBeans 7.1.1\ide\modules\org-apache-commons-logging.jar;C:\Program Files\NetBeans 7.1.1\java\modules\ext\cglib-2.2.jar;C:\Program Files\NetBeans 7.1.1\java\modules\ext\spring\spring-2.5.6.SEC01.jar" />
    <property name="libs.swing-layout.classpath" value="C:\Program Files\NetBeans 7.1.1\platform\modules\ext\swing-layout-1.0.4.jar" />
    <property name="java.vm.specification.version" value="1.7" />
    <property name="libs.jaxb.classpath" value="C:\Program Files\NetBeans 7.1.1\ide\modules\ext\jaxb\jaxb-impl.jar;C:\Program Files\NetBeans 7.1.1\ide\modules\ext\jaxb\jaxb-xjc.jar;C:\Program Files\NetBeans 7.1.1\ide\modules\ext\jaxb\jaxb1-impl.jar;C:\Program Files\NetBeans 7.1.1\ide\modules\ext\jaxb\activation.jar;C:\Program Files\NetBeans 7.1.1\ide\modules\ext\jaxb\api\jaxb-api.jar;C:\Program Files\NetBeans 7.1.1\ide\modules\ext\jaxb\api\jsr173_api.jar" />
    <property name="work.dir" value="C:\Users\jmenzel\Desktop\AD\AD-2012-SS\Aufgabe 1" />
    <property name="awt.toolkit" value="sun.awt.windows.WToolkit" />
    <property name="javadoc.use" value="true" />
    <property name="manifest.available+main.class-mkdist.available" value="true" />
    <property name="sun.cpu.isalist" value="amd64" />
    <property name="java.ext.dirs" value="C:\Program Files\Java\jdk1.7.0\jre\lib\ext;C:\Windows\Sun\Java\lib\ext" />
    <property name="ant.file.ADIntervall" value="C:\Users\jmenzel\Desktop\AD\AD-2012-SS\Aufgabe 1\build.xml" />
    <property name="os.version" value="6.1" />
    <property name="excludes" value="" />
    <property name="user.home" value="C:\Users\jmenzel" />
    <property name="org.xml.sax.driver" value="com.sun.org.apache.xerces.internal.jaxp.SAXParserImpl$JAXPSAXParser" />
    <property name="ant.file.type.ADIntervall" value="file" />
    <property name="java.vm.vendor" value="Oracle Corporation" />
    <property name="libs.absolutelayout.maven-pom" value="" />
    <property name="user.dir" value="C:\Users\jmenzel\Desktop\AD\AD-2012-SS\Aufgabe 1" />
    <property name="debug-transport" value="dt_shmem" />
    <property name="libs.ejb3-persistence.maven-pom" value="" />
    <property name="application.args" value="" />
    <property name="sun.cpu.endian" value="little" />
    <property name="compile.on.save" value="false" />
    <property name="ignore.failing.tests" value="true" />
    <property name="libs.hibernate-support.classpath" value="C:\Program Files\NetBeans 7.1.1\java\modules\ext\hibernate\antlr-2.7.6.jar;C:\Program Files\NetBeans 7.1.1\java\modules\ext\hibernate\asm.jar;C:\Program Files\NetBeans 7.1.1\java\modules\ext\hibernate\asm-attrs.jar;C:\Program Files\NetBeans 7.1.1\java\modules\ext\hibernate\cglib-2.1.3.jar;C:\Program Files\NetBeans 7.1.1\java\modules\ext\hibernate\commons-collections-2.1.1.jar;C:\Program Files\NetBeans 7.1.1\ide\modules\org-apache-commons-logging.jar;C:\Program Files\NetBeans 7.1.1\java\modules\ext\hibernate\dom4j-1.6.1.jar;C:\Program Files\NetBeans 7.1.1\java\modules\ext\hibernate\ehcache-1.2.3.jar;C:\Program Files\NetBeans 7.1.1\java\modules\ext\hibernate\jdbc2_0-stdext.jar;C:\Program Files\NetBeans 7.1.1\java\modules\ext\hibernate\jta.jar;C:\Program Files\NetBeans 7.1.1\java\modules\ext\hibernate\hibernate3.jar;C:\Program Files\NetBeans 7.1.1\java\modules\ext\hibernate\hibernate-tools.jar;C:\Program Files\NetBeans 7.1.1\java\modules\ext\hibernate\hibernate-annotations.jar;C:\Program Files\NetBeans 7.1.1\java\modules\ext\hibernate\hibernate-commons-annotations.jar;C:\Program Files\NetBeans 7.1.1\java\modules\ext\hibernate\hibernate-entitymanager.jar;C:\Program Files\NetBeans 7.1.1\java\modules\ext\hibernate\javassist.jar" />
    <property name="libs.eclipselinkmodelgen.javadoc" value="" />
    <property name="endorsed.classpath.cmd.line.arg" value="" />
    <property name="jar.index" value="false" />
    <property name="libs.spring-framework300.javadoc" value="" />
    <property name="libs.MySQLDriver.src" value="" />
    <property name="java.vm.version" value="21.0-b17" />
    <property name="java.class.path" value="C:\Users\jmenzel\.netbeans\7.1.1\modules\ext\junit-4.10.jar;C:\Users\jmenzel\Desktop\AD\AD-2012-SS\Aufgabe 1\build\classes;C:\Users\jmenzel\Desktop\AD\AD-2012-SS\Aufgabe 1\build\test\classes;C:\Users\jmenzel\Desktop\AD\AD-2012-SS\Aufgabe 1;C:\Program Files (x86)\QuickTime\QTSystem\QTJava.zip;C:\Program Files\NetBeans 7.1.1\java\ant\lib\ant-launcher.jar;C:\Program Files\NetBeans 7.1.1\java\ant\lib\ant.jar;C:\Program Files\NetBeans 7.1.1\java\ant\lib\ant-junit.jar;C:\Program Files\NetBeans 7.1.1\java\ant\lib\ant-junit4.jar" />
    <property name="annotation.processing.processor.options" value="" />
    <property name="libs.hibernate-persistence.classpath" value="C:\Program Files\NetBeans 7.1.1\java\modules\ext\hibernate\antlr-2.7.6.jar;C:\Program Files\NetBeans 7.1.1\java\modules\ext\hibernate\asm.jar;C:\Program Files\NetBeans 7.1.1\java\modules\ext\hibernate\asm-attrs.jar;C:\Program Files\NetBeans 7.1.1\java\modules\ext\hibernate\cglib-2.1.3.jar;C:\Program Files\NetBeans 7.1.1\java\modules\ext\hibernate\commons-collections-2.1.1.jar;C:\Program Files\NetBeans 7.1.1\ide\modules\org-apache-commons-logging.jar;C:\Program Files\NetBeans 7.1.1\java\modules\ext\hibernate\dom4j-1.6.1.jar;C:\Program Files\NetBeans 7.1.1\java\modules\ext\hibernate\ehcache-1.2.3.jar;C:\Program Files\NetBeans 7.1.1\java\modules\ext\hibernate\jdbc2_0-stdext.jar;C:\Program Files\NetBeans 7.1.1\java\modules\ext\hibernate\jta.jar;C:\Program Files\NetBeans 7.1.1\java\modules\ext\hibernate\hibernate3.jar;C:\Program Files\NetBeans 7.1.1\java\modules\ext\hibernate\hibernate-tools.jar;C:\Program Files\NetBeans 7.1.1\java\modules\ext\hibernate\hibernate-annotations.jar;C:\Program Files\NetBeans 7.1.1\java\modules\ext\hibernate\hibernate-commons-annotations.jar;C:\Program Files\NetBeans 7.1.1\java\modules\ext\hibernate\hibernate-entitymanager.jar;C:\Program Files\NetBeans 7.1.1\java\modules\ext\hibernate\javassist.jar;C:\Program Files\NetBeans 7.1.1\java\modules\ext\hibernate\ejb3-persistence.jar" />
    <property name="os.arch" value="amd64" />
    <property name="javac.deprecation" value="false" />
    <property name="libs.groovy-all.javadoc" value="" />
    <property name="build.classes.excludes" value="**/*.java,**/*.form" />
    <property name="dist.dir" value="dist" />
    <property name="netbeans.user" value="C:\Users\jmenzel\.netbeans\7.1.1" />
    <property name="debug.classpath" value="C:\Users\jmenzel\.netbeans\7.1.1\modules\ext\junit-4.10.jar:build/classes" />
    <property name="sun.java.launcher" value="SUN_STANDARD" />
    <property name="jar.index.metainf" value="false" />
    <property name="annotation.processing.enabled.in.editor" value="false" />
    <property name="ant.core.lib" value="C:\Program Files\NetBeans 7.1.1\java\ant\lib\ant.jar" />
    <property name="java.vm.specification.vendor" value="Oracle Corporation" />
    <property name="do.depend" value="false" />
    <property name="file.separator" value="\" />
    <property name="java.runtime.version" value="1.7.0-b147" />
    <property name="debug.test.classpath" value="C:\Users\jmenzel\.netbeans\7.1.1\modules\ext\junit-4.10.jar:build/classes:build/test/classes" />
    <property name="sun.boot.class.path" value="C:\Program Files\Java\jdk1.7.0\jre\lib\resources.jar;C:\Program Files\Java\jdk1.7.0\jre\lib\rt.jar;C:\Program Files\Java\jdk1.7.0\jre\lib\sunrsasign.jar;C:\Program Files\Java\jdk1.7.0\jre\lib\jsse.jar;C:\Program Files\Java\jdk1.7.0\jre\lib\jce.jar;C:\Program Files\Java\jdk1.7.0\jre\lib\charsets.jar;C:\Program Files\Java\jdk1.7.0\jre\classes" />
    <property name="libs.beans-binding.classpath" value="C:\Program Files\NetBeans 7.1.1\java\modules\ext\beansbinding-1.2.1.jar" />
    <property name="have.tests" value="true" />
    <property name="main.class" value="adintervall.MainClass" />
    <property name="libs.JWSAntTasks.maven-pom" value="" />
    <property name="java.util.logging.config.class" value="org.netbeans.core.startup.TopLogging" />
    <property name="libs.javac-api.classpath" value="C:\Program Files\NetBeans 7.1.1\java\modules\ext\javac-api-nb-7.0-b07.jar" />
    <property name="user.country" value="DE" />
    <property name="javadoc.notree" value="false" />
    <property name="libs.spring-framework300.maven-pom" value="" />
    <property name="libs.jaxws21.javadoc" value="C:\Program Files\NetBeans 7.1.1\java\docs\jaxws-api-doc.zip" />
    <property name="javadoc.additionalparam" value="" />
    <property name="default.javac.target" value="1.7" />
    <property name="javac.classpath" value="C:\Users\jmenzel\.netbeans\7.1.1\modules\ext\junit-4.10.jar" />
    <property name="build.classes.dir" value="build/classes" />
    <property name="do.archive+manifest.available" value="true" />
    <property name="libs.swing-layout.src" value="C:\Program Files\NetBeans 7.1.1\platform\docs\swing-layout-1.0.4-src.zip" />
    <property name="libs.swing-layout.javadoc" value="C:\Program Files\NetBeans 7.1.1\platform\docs\swing-layout-1.0.4-doc.zip" />
    <property name="javac.target" value="1.7" />
    <property name="java.vendor" value="Oracle Corporation" />
    <property name="libs.eclipselink.classpath" value="C:\Program Files\NetBeans 7.1.1\java\modules\ext\eclipselink\eclipselink-2.3.0.jar;C:\Program Files\NetBeans 7.1.1\java\modules\ext\eclipselink\javax.persistence-2.0.jar;C:\Program Files\NetBeans 7.1.1\java\modules\ext\eclipselink\org.eclipse.persistence.jpa.jpql_1.0.0.jar" />
    <property name="runtime.encoding" value="UTF-8" />
    <property name="java.specification.version" value="1.7" />
    <property name="libs.JWSAntTasks.javadoc" value="" />
    <property name="mkdist.disabled" value="false" />
    <property name="sun.arch.data.model" value="64" />
  </properties>
  <testcase classname="adintervall.IntervalTest" name="get_bounds_test" time="0.004" />
  <testcase classname="adintervall.IntervalTest" name="testequalsnew" time="0.0" />
  <testcase classname="adintervall.IntervalTest" name="testIntersection" time="0.003" />
  <testcase classname="adintervall.IntervalTest" name="testDifference" time="0.003" />
  <testcase classname="adintervall.IntervalTest" name="test_lessEqual" time="0.001" />
  <testcase classname="adintervall.IntervalTest" name="test_greaterEqual" time="0.0" />
  <testcase classname="adintervall.IntervalTest" name="test_pLessEqual" time="0.0" />
  <testcase classname="adintervall.IntervalTest" name="test_pGreater" time="0.001" />
  <testcase classname="adintervall.IntervalTest" name="test_pGreaterEqual" time="0.0" />
  <testcase classname="adintervall.IntervalTest" name="test_lessEqual_d" time="0.0" />
  <testcase classname="adintervall.IntervalTest" name="test_greater_d" time="0.001" />
  <testcase classname="adintervall.IntervalTest" name="test_greaterEqual_d" time="0.0" />
  <testcase classname="adintervall.IntervalTest" name="test_pLessEqual_d" time="0.001" />
  <testcase classname="adintervall.IntervalTest" name="test_pGreater_d" time="0.0" />
  <testcase classname="adintervall.IntervalTest" name="test_pGreaterEqual_d" time="0.001" />
  <testcase classname="adintervall.IntervalTest" name="testFactory" time="0.001" />
  <testcase classname="adintervall.IntervalTest" name="testContains" time="0.0" />
  <testcase classname="adintervall.IntervalTest" name="testEquals" time="0.0" />
  <testcase classname="adintervall.IntervalTest" name="testLength" time="0.087" />
  <testcase classname="adintervall.IntervalTest" name="testPlus" time="0.064" />
  <testcase classname="adintervall.IntervalTest" name="testMinus" time="0.065" />
  <testcase classname="adintervall.IntervalTest" name="testMul" time="0.001" />
  <testcase classname="adintervall.IntervalTest" name="testDiv" time="0.251" />
  <testcase classname="adintervall.IntervalTest" name="testnewNai" time="0.0" />
  <testcase classname="adintervall.IntervalTest" name="testKomm" time="0.001" />
  <testcase classname="adintervall.IntervalTest" name="testUnion" time="0.005" />
  <testcase classname="adintervall.IntervalTest" name="test_less" time="0.0" />
  <testcase classname="adintervall.IntervalTest" name="test_greater" time="0.0" />
  <testcase classname="adintervall.IntervalTest" name="test_pLess" time="0.0" />
  <testcase classname="adintervall.IntervalTest" name="test_less_d" time="0.0" />
  <testcase classname="adintervall.IntervalTest" name="test_pLess_d" time="0.0" />
  <testcase classname="adintervall.IntervalTest" name="test_square" time="0.001" />
  <system-out><![CDATA[testing getBounds()...
[ 1.0 , 2.0 ].union([ 2.0 , 3.0 ]) => [ 1.0 , 3.0 ]
[ 2.0 , 3.0 ].union([ 3.0 , 4.0 ]) => [ 2.0 , 4.0 ]
[ 1.0 , 3.0 ].intersection([ 2.0 , 4.0 ]) => [ 2.0 , 3.0 ]
[ 3.0 , 4.0 ].union([ 1.0 , 2.0 ].intersection( [ 2.0 , 3.0 ] )) => [ 3.0 , 4.0 ].union([ 2.0 , 2.0 ] ) => [ NaN , NaN ]
[ 3.0 , 4.0 ].intersection([ 1.0 , 2.0 ].intersection([ 2.0 , 3.0 ])) => [ 3.0 , 4.0 ].intersection([ 2.0 , 2.0 ]) => [ NaN , NaN ]
[ 1.0 , 2.0 ].intersection([ 2.0 , 3.0 ].intersection([ 3.0 , 4.0 ])) => [ 1.0 , 2.0 ].intersection([ 3.0 , 3.0 ]) => [ NaN , NaN ]
[ -Infinity , Infinity ].difference([ 1.0 , 2.0 ]) => [ NaN , NaN ]
[ 1.0 , 2.0 ].difference([ -Infinity , Infinity ]) => [ NaN , NaN ]
testing createInterval()...
testing equals()...
testing length()...
testing plus()...
testing minus()...
testing mul()...
testing div()...
]]></system-out>
  <system-err><![CDATA[]]></system-err>
</testsuite>
